<?xml version="1.0" encoding="UTF-8"?>
<!-- Generated by org.testng.reporters.JUnitReportReporter -->
<testsuite hostname="Kieu-Nguyen" failures="0" tests="1" name="AmazonTesting.addItemToCart" time="1.191" errors="0" timestamp="2023-05-17T23:47:23 EDT" skipped="0">
  <testcase classname="AmazonTesting.addItemToCart" name="addItemToCart" time="1.191"/>
  <system-out/>
</testsuite> <!-- AmazonTesting.addItemToCart -->
