<?xml version="1.0" encoding="UTF-8"?>
<!-- Generated by org.testng.reporters.JUnitReportReporter -->
<testsuite hostname="Kieu-Nguyen" failures="0" tests="1" name="AmazonTesting.createShortcut" time="4.227" errors="0" timestamp="2023-05-17T23:45:07 EDT" skipped="0">
  <testcase classname="AmazonTesting.createShortcut" name="addItemToCart" time="4.227"/>
  <system-out/>
</testsuite> <!-- AmazonTesting.createShortcut -->
