<?xml version="1.0" encoding="UTF-8"?>
<!-- Generated by org.testng.reporters.JUnitReportReporter -->
<testsuite hostname="Kieu-Nguyen" failures="0" tests="1" name="AmazonTesting.addShortcutToHomeScreen" time="4.737" errors="0" timestamp="2023-05-18T13:22:24 EDT" skipped="0">
  <testcase classname="AmazonTesting.addShortcutToHomeScreen" name="addShortcutToHomeScreen" time="4.737"/>
  <system-out/>
</testsuite> <!-- AmazonTesting.addShortcutToHomeScreen -->
